[ 2014-03-22T08:36:11+08:00 ] 127.0.0.1 /admin.php
INFO: [ app_begin ] --START--
INFO: ReadHtmlCache Behavior ::run [ RunTime:0.000000s ]
INFO: [ app_begin ] --END-- [ RunTime:0.000000s ]

[ 2014-03-22T08:36:20+08:00 ] 127.0.0.1 /admin.php
INFO: [ app_begin ] --START--
INFO: ReadHtmlCache Behavior ::run [ RunTime:0.000000s ]
INFO: [ app_begin ] --END-- [ RunTime:0.000000s ]
INFO: [ view_parse ] --START--
INFO: ParseTemplate Behavior ::run [ RunTime:0.046875s ]
INFO: [ view_parse ] --END-- [ RunTime:0.046875s ]
INFO: [ view_filter ] --START--
NOTIC: [8] Use of undefined constant APP_TMPL_PATH - assumed 'APP_TMPL_PATH' D:\xampp\app\web\ThinkPHP\Lib\Behavior\ContentReplaceBehavior.class.php Á¨¨ 40 Ë°å.
NOTIC: [8] Use of undefined constant APP_TMPL_PATH - assumed 'APP_TMPL_PATH' D:\xampp\app\web\ThinkPHP\Lib\Behavior\ContentReplaceBehavior.class.php Á¨¨ 47 Ë°å.
INFO: ContentReplace Behavior ::run [ RunTime:0.015625s ]
INFO: TokenBuild Behavior ::run [ RunTime:0.000000s ]
INFO: WriteHtmlCache Behavior ::run [ RunTime:0.000000s ]
INFO: ShowRuntime Behavior ::run [ RunTime:0.000000s ]
INFO: [ view_filter ] --END-- [ RunTime:0.015625s ]
INFO: [ view_end ] --START--
INFO: ShowPageTrace Behavior ::run [ RunTime:0.015625s ]
INFO: [ view_end ] --END-- [ RunTime:0.015625s ]

[ 2014-03-22T08:36:20+08:00 ] 127.0.0.1 /admin.php/Index/addSite.html
INFO: [ route_check ] --START--
INFO: CheckRoute Behavior ::run [ RunTime:0.000000s ]
INFO: [ route_check ] --END-- [ RunTime:0.000000s ]
INFO: [ app_begin ] --START--
INFO: ReadHtmlCache Behavior ::run [ RunTime:0.000000s ]
INFO: [ app_begin ] --END-- [ RunTime:0.000000s ]

[ 2014-03-22T08:36:22+08:00 ] 127.0.0.1 /admin.php/Index/addSite.html
INFO: [ route_check ] --START--
INFO: CheckRoute Behavior ::run [ RunTime:0.000000s ]
INFO: [ route_check ] --END-- [ RunTime:0.000000s ]
INFO: [ app_begin ] --START--
INFO: ReadHtmlCache Behavior ::run [ RunTime:0.015625s ]
INFO: [ app_begin ] --END-- [ RunTime:0.015625s ]

[ 2014-03-22T08:36:22+08:00 ] 127.0.0.1 /admin.php/Index/addSite.html
INFO: [ route_check ] --START--
INFO: CheckRoute Behavior ::run [ RunTime:0.000000s ]
INFO: [ route_check ] --END-- [ RunTime:0.000000s ]
INFO: [ app_begin ] --START--
INFO: ReadHtmlCache Behavior ::run [ RunTime:0.000000s ]
INFO: [ app_begin ] --END-- [ RunTime:0.000000s ]

[ 2014-03-22T08:36:26+08:00 ] 127.0.0.1 /admin.php
INFO: [ app_begin ] --START--
INFO: ReadHtmlCache Behavior ::run [ RunTime:0.000000s ]
INFO: [ app_begin ] --END-- [ RunTime:0.000000s ]
INFO: [ view_parse ] --START--
INFO: ParseTemplate Behavior ::run [ RunTime:0.000000s ]
INFO: [ view_parse ] --END-- [ RunTime:0.000000s ]
INFO: [ view_filter ] --START--
NOTIC: [8] Use of undefined constant APP_TMPL_PATH - assumed 'APP_TMPL_PATH' D:\xampp\app\web\ThinkPHP\Lib\Behavior\ContentReplaceBehavior.class.php Á¨¨ 40 Ë°å.
NOTIC: [8] Use of undefined constant APP_TMPL_PATH - assumed 'APP_TMPL_PATH' D:\xampp\app\web\ThinkPHP\Lib\Behavior\ContentReplaceBehavior.class.php Á¨¨ 47 Ë°å.
INFO: ContentReplace Behavior ::run [ RunTime:0.000000s ]
INFO: TokenBuild Behavior ::run [ RunTime:0.000000s ]
INFO: WriteHtmlCache Behavior ::run [ RunTime:0.000000s ]
INFO: ShowRuntime Behavior ::run [ RunTime:0.000000s ]
INFO: [ view_filter ] --END-- [ RunTime:0.000000s ]
INFO: [ view_end ] --START--
INFO: ShowPageTrace Behavior ::run [ RunTime:0.000000s ]
INFO: [ view_end ] --END-- [ RunTime:0.000000s ]

[ 2014-03-22T08:36:26+08:00 ] 127.0.0.1 /admin.php/Index/addSite.html
INFO: [ route_check ] --START--
INFO: CheckRoute Behavior ::run [ RunTime:0.000000s ]
INFO: [ route_check ] --END-- [ RunTime:0.000000s ]
INFO: [ app_begin ] --START--
INFO: ReadHtmlCache Behavior ::run [ RunTime:0.000000s ]
INFO: [ app_begin ] --END-- [ RunTime:0.000000s ]

[ 2014-03-22T08:36:37+08:00 ] 127.0.0.1 /admin.php/Index/addSite.html
INFO: [ route_check ] --START--
INFO: CheckRoute Behavior ::run [ RunTime:0.015625s ]
INFO: [ route_check ] --END-- [ RunTime:0.015625s ]
INFO: [ app_begin ] --START--
INFO: ReadHtmlCache Behavior ::run [ RunTime:0.000000s ]
INFO: [ app_begin ] --END-- [ RunTime:0.000000s ]

[ 2014-03-22T08:36:38+08:00 ] 127.0.0.1 /admin.php/Index/addSite.html
INFO: [ route_check ] --START--
INFO: CheckRoute Behavior ::run [ RunTime:0.000000s ]
INFO: [ route_check ] --END-- [ RunTime:0.000000s ]
INFO: [ app_begin ] --START--
INFO: ReadHtmlCache Behavior ::run [ RunTime:0.000000s ]
INFO: [ app_begin ] --END-- [ RunTime:0.000000s ]

[ 2014-03-22T08:36:38+08:00 ] 127.0.0.1 /admin.php/Index/addSite.html
INFO: [ route_check ] --START--
INFO: CheckRoute Behavior ::run [ RunTime:0.000000s ]
INFO: [ route_check ] --END-- [ RunTime:0.000000s ]
INFO: [ app_begin ] --START--
INFO: ReadHtmlCache Behavior ::run [ RunTime:0.000000s ]
INFO: [ app_begin ] --END-- [ RunTime:0.000000s ]

[ 2014-03-22T08:36:39+08:00 ] 127.0.0.1 /admin.php/Index/addSite.html
INFO: [ route_check ] --START--
INFO: CheckRoute Behavior ::run [ RunTime:0.000000s ]
INFO: [ route_check ] --END-- [ RunTime:0.000000s ]
INFO: [ app_begin ] --START--
INFO: ReadHtmlCache Behavior ::run [ RunTime:0.015625s ]
INFO: [ app_begin ] --END-- [ RunTime:0.015625s ]

[ 2014-03-22T08:36:43+08:00 ] 127.0.0.1 /admin.php/Index/addSite.html
INFO: [ route_check ] --START--
INFO: CheckRoute Behavior ::run [ RunTime:0.015625s ]
INFO: [ route_check ] --END-- [ RunTime:0.015625s ]
INFO: [ app_begin ] --START--
INFO: ReadHtmlCache Behavior ::run [ RunTime:0.000000s ]
INFO: [ app_begin ] --END-- [ RunTime:0.000000s ]

[ 2014-03-22T08:36:43+08:00 ] 127.0.0.1 /admin.php/Index/addSite.html
INFO: [ route_check ] --START--
INFO: CheckRoute Behavior ::run [ RunTime:0.000000s ]
INFO: [ route_check ] --END-- [ RunTime:0.000000s ]
INFO: [ app_begin ] --START--
INFO: ReadHtmlCache Behavior ::run [ RunTime:0.000000s ]
INFO: [ app_begin ] --END-- [ RunTime:0.000000s ]

[ 2014-03-22T08:36:44+08:00 ] 127.0.0.1 /admin.php/Index/addSite.html
INFO: [ route_check ] --START--
INFO: CheckRoute Behavior ::run [ RunTime:0.000000s ]
INFO: [ route_check ] --END-- [ RunTime:0.000000s ]
INFO: [ app_begin ] --START--
INFO: ReadHtmlCache Behavior ::run [ RunTime:0.015625s ]
INFO: [ app_begin ] --END-- [ RunTime:0.015625s ]

[ 2014-03-22T08:36:48+08:00 ] 127.0.0.1 /admin.php/Index/addSite.html
INFO: [ route_check ] --START--
INFO: CheckRoute Behavior ::run [ RunTime:0.000000s ]
INFO: [ route_check ] --END-- [ RunTime:0.000000s ]
INFO: [ app_begin ] --START--
INFO: ReadHtmlCache Behavior ::run [ RunTime:0.015625s ]
INFO: [ app_begin ] --END-- [ RunTime:0.015625s ]

[ 2014-03-22T08:36:49+08:00 ] 127.0.0.1 /admin.php/Index/addSite.html
INFO: [ route_check ] --START--
INFO: CheckRoute Behavior ::run [ RunTime:0.000000s ]
INFO: [ route_check ] --END-- [ RunTime:0.000000s ]
INFO: [ app_begin ] --START--
INFO: ReadHtmlCache Behavior ::run [ RunTime:0.000000s ]
INFO: [ app_begin ] --END-- [ RunTime:0.000000s ]

[ 2014-03-22T08:36:51+08:00 ] 127.0.0.1 /admin.php/Index/addSite.html
INFO: [ route_check ] --START--
INFO: CheckRoute Behavior ::run [ RunTime:0.015625s ]
INFO: [ route_check ] --END-- [ RunTime:0.015625s ]
INFO: [ app_begin ] --START--
INFO: ReadHtmlCache Behavior ::run [ RunTime:0.000000s ]
INFO: [ app_begin ] --END-- [ RunTime:0.000000s ]

[ 2014-03-22T08:36:51+08:00 ] 127.0.0.1 /admin.php/Index/addSite.html
INFO: [ route_check ] --START--
INFO: CheckRoute Behavior ::run [ RunTime:0.000000s ]
INFO: [ route_check ] --END-- [ RunTime:0.000000s ]
INFO: [ app_begin ] --START--
INFO: ReadHtmlCache Behavior ::run [ RunTime:0.000000s ]
INFO: [ app_begin ] --END-- [ RunTime:0.000000s ]

[ 2014-03-22T08:36:52+08:00 ] 127.0.0.1 /admin.php/Index/addSite.html
INFO: [ route_check ] --START--
INFO: CheckRoute Behavior ::run [ RunTime:0.000000s ]
INFO: [ route_check ] --END-- [ RunTime:0.000000s ]
INFO: [ app_begin ] --START--
INFO: ReadHtmlCache Behavior ::run [ RunTime:0.000000s ]
INFO: [ app_begin ] --END-- [ RunTime:0.000000s ]

[ 2014-03-22T08:36:53+08:00 ] 127.0.0.1 /admin.php/Index/addSite.html
INFO: [ route_check ] --START--
INFO: CheckRoute Behavior ::run [ RunTime:0.015625s ]
INFO: [ route_check ] --END-- [ RunTime:0.015625s ]
INFO: [ app_begin ] --START--
INFO: ReadHtmlCache Behavior ::run [ RunTime:0.000000s ]
INFO: [ app_begin ] --END-- [ RunTime:0.000000s ]

[ 2014-03-22T08:36:54+08:00 ] 127.0.0.1 /admin.php/Index/addSite.html
INFO: [ route_check ] --START--
INFO: CheckRoute Behavior ::run [ RunTime:0.000000s ]
INFO: [ route_check ] --END-- [ RunTime:0.000000s ]
INFO: [ app_begin ] --START--
INFO: ReadHtmlCache Behavior ::run [ RunTime:0.015625s ]
INFO: [ app_begin ] --END-- [ RunTime:0.015625s ]

[ 2014-03-22T08:36:59+08:00 ] 127.0.0.1 /admin.php/Index/addSite.html
INFO: [ route_check ] --START--
INFO: CheckRoute Behavior ::run [ RunTime:0.000000s ]
INFO: [ route_check ] --END-- [ RunTime:0.000000s ]
INFO: [ app_begin ] --START--
INFO: ReadHtmlCache Behavior ::run [ RunTime:0.000000s ]
INFO: [ app_begin ] --END-- [ RunTime:0.000000s ]

[ 2014-03-22T08:37:01+08:00 ] 127.0.0.1 /admin.php/Index/addSite.html
INFO: [ route_check ] --START--
INFO: CheckRoute Behavior ::run [ RunTime:0.000000s ]
INFO: [ route_check ] --END-- [ RunTime:0.000000s ]
INFO: [ app_begin ] --START--
INFO: ReadHtmlCache Behavior ::run [ RunTime:0.015625s ]
INFO: [ app_begin ] --END-- [ RunTime:0.015625s ]

[ 2014-03-22T08:37:04+08:00 ] 127.0.0.1 /admin.php
INFO: [ app_begin ] --START--
INFO: ReadHtmlCache Behavior ::run [ RunTime:0.000000s ]
INFO: [ app_begin ] --END-- [ RunTime:0.000000s ]

[ 2014-03-22T08:37:04+08:00 ] 127.0.0.1 /admin.php/Index/addSite.html
INFO: [ route_check ] --START--
INFO: CheckRoute Behavior ::run [ RunTime:0.000000s ]
INFO: [ route_check ] --END-- [ RunTime:0.000000s ]
INFO: [ app_begin ] --START--
INFO: ReadHtmlCache Behavior ::run [ RunTime:0.000000s ]
INFO: [ app_begin ] --END-- [ RunTime:0.000000s ]

[ 2014-03-22T08:37:10+08:00 ] 127.0.0.1 /admin.php
INFO: [ app_begin ] --START--
INFO: ReadHtmlCache Behavior ::run [ RunTime:0.000000s ]
INFO: [ app_begin ] --END-- [ RunTime:0.000000s ]

[ 2014-03-22T08:37:10+08:00 ] 127.0.0.1 /admin.php/Index/addSite.html
INFO: [ route_check ] --START--
INFO: CheckRoute Behavior ::run [ RunTime:0.000000s ]
INFO: [ route_check ] --END-- [ RunTime:0.000000s ]
INFO: [ app_begin ] --START--
INFO: ReadHtmlCache Behavior ::run [ RunTime:0.000000s ]
INFO: [ app_begin ] --END-- [ RunTime:0.000000s ]

[ 2014-03-22T08:37:19+08:00 ] 127.0.0.1 /admin.php/Index/addSite.html
INFO: [ route_check ] --START--
INFO: CheckRoute Behavior ::run [ RunTime:0.000000s ]
INFO: [ route_check ] --END-- [ RunTime:0.000000s ]
INFO: [ app_begin ] --START--
INFO: ReadHtmlCache Behavior ::run [ RunTime:0.000000s ]
INFO: [ app_begin ] --END-- [ RunTime:0.000000s ]

[ 2014-03-22T08:37:20+08:00 ] 127.0.0.1 /admin.php/Index/addSite.html
INFO: [ route_check ] --START--
INFO: CheckRoute Behavior ::run [ RunTime:0.000000s ]
INFO: [ route_check ] --END-- [ RunTime:0.000000s ]
INFO: [ app_begin ] --START--
INFO: ReadHtmlCache Behavior ::run [ RunTime:0.000000s ]
INFO: [ app_begin ] --END-- [ RunTime:0.000000s ]

[ 2014-03-22T08:37:23+08:00 ] 127.0.0.1 /admin.php/
INFO: [ route_check ] --START--
INFO: CheckRoute Behavior ::run [ RunTime:0.015625s ]
INFO: [ route_check ] --END-- [ RunTime:0.015625s ]
INFO: [ app_begin ] --START--
INFO: ReadHtmlCache Behavior ::run [ RunTime:0.000000s ]
INFO: [ app_begin ] --END-- [ RunTime:0.000000s ]

[ 2014-03-22T08:37:25+08:00 ] 127.0.0.1 /admin.php
INFO: [ app_begin ] --START--
INFO: ReadHtmlCache Behavior ::run [ RunTime:0.015625s ]
INFO: [ app_begin ] --END-- [ RunTime:0.015625s ]

[ 2014-03-22T08:37:28+08:00 ] 127.0.0.1 /admin.php
INFO: [ app_begin ] --START--
INFO: ReadHtmlCache Behavior ::run [ RunTime:0.000000s ]
INFO: [ app_begin ] --END-- [ RunTime:0.000000s ]

[ 2014-03-22T08:37:28+08:00 ] 127.0.0.1 /admin.php/Index/ddSite.html
INFO: [ route_check ] --START--
INFO: CheckRoute Behavior ::run [ RunTime:0.000000s ]
INFO: [ route_check ] --END-- [ RunTime:0.000000s ]
INFO: [ app_begin ] --START--
INFO: ReadHtmlCache Behavior ::run [ RunTime:0.015625s ]
INFO: [ app_begin ] --END-- [ RunTime:0.015625s ]
ERR: ÈùûÊ≥ïÊìç‰Ωú:ddSite

[ 2014-03-22T08:37:34+08:00 ] 127.0.0.1 /admin.php/Index/ddSite.html
INFO: [ route_check ] --START--
INFO: CheckRoute Behavior ::run [ RunTime:0.000000s ]
INFO: [ route_check ] --END-- [ RunTime:0.000000s ]
INFO: [ app_begin ] --START--
INFO: ReadHtmlCache Behavior ::run [ RunTime:0.000000s ]
INFO: [ app_begin ] --END-- [ RunTime:0.000000s ]
ERR: ÈùûÊ≥ïÊìç‰Ωú:ddSite

[ 2014-03-22T08:37:37+08:00 ] 127.0.0.1 /admin.php
INFO: [ app_begin ] --START--
INFO: ReadHtmlCache Behavior ::run [ RunTime:0.000000s ]
INFO: [ app_begin ] --END-- [ RunTime:0.000000s ]

[ 2014-03-22T08:37:37+08:00 ] 127.0.0.1 /admin.php/Index/addSite.html
INFO: [ route_check ] --START--
INFO: CheckRoute Behavior ::run [ RunTime:0.000000s ]
INFO: [ route_check ] --END-- [ RunTime:0.000000s ]
INFO: [ app_begin ] --START--
INFO: ReadHtmlCache Behavior ::run [ RunTime:0.015625s ]
INFO: [ app_begin ] --END-- [ RunTime:0.015625s ]

[ 2014-03-22T08:37:48+08:00 ] 127.0.0.1 /admin.php
INFO: [ app_begin ] --START--
INFO: ReadHtmlCache Behavior ::run [ RunTime:0.000000s ]
INFO: [ app_begin ] --END-- [ RunTime:0.000000s ]

[ 2014-03-22T08:37:48+08:00 ] 127.0.0.1 /admin.php/Index/addSite.html
INFO: [ route_check ] --START--
INFO: CheckRoute Behavior ::run [ RunTime:0.015625s ]
INFO: [ route_check ] --END-- [ RunTime:0.015625s ]
INFO: [ app_begin ] --START--
INFO: ReadHtmlCache Behavior ::run [ RunTime:0.000000s ]
INFO: [ app_begin ] --END-- [ RunTime:0.000000s ]

[ 2014-03-22T08:49:15+08:00 ] 127.0.0.1 /admin.php/Index/addSite.html
INFO: [ route_check ] --START--
INFO: CheckRoute Behavior ::run [ RunTime:0.000000s ]
INFO: [ route_check ] --END-- [ RunTime:0.000000s ]
INFO: [ app_begin ] --START--
INFO: ReadHtmlCache Behavior ::run [ RunTime:0.000000s ]
INFO: [ app_begin ] --END-- [ RunTime:0.000000s ]
NOTIC: [2] mysql_connect():  D:\xampp\app\web\ThinkPHP\Lib\Driver\Db\DbMysql.class.php Á¨¨ 55 Ë°å.
ERR: ”…”⁄ƒø±Íª˙∆˜ª˝º´æ‹æ¯£¨Œﬁ∑®¡¨Ω”°£


[ 2014-03-22T08:49:33+08:00 ] 127.0.0.1 /admin.php/Index/addSite.html
INFO: [ route_check ] --START--
INFO: CheckRoute Behavior ::run [ RunTime:0.000000s ]
INFO: [ route_check ] --END-- [ RunTime:0.000000s ]
INFO: [ app_begin ] --START--
INFO: ReadHtmlCache Behavior ::run [ RunTime:0.015625s ]
INFO: [ app_begin ] --END-- [ RunTime:0.015625s ]
NOTIC: [2] mysql_connect():  D:\xampp\app\web\ThinkPHP\Lib\Driver\Db\DbMysql.class.php Á¨¨ 55 Ë°å.
ERR: ”…”⁄ƒø±Íª˙∆˜ª˝º´æ‹æ¯£¨Œﬁ∑®¡¨Ω”°£


[ 2014-03-22T08:49:36+08:00 ] 127.0.0.1 /admin.php/Index/addSite.html
INFO: [ route_check ] --START--
INFO: CheckRoute Behavior ::run [ RunTime:0.000000s ]
INFO: [ route_check ] --END-- [ RunTime:0.000000s ]
INFO: [ app_begin ] --START--
INFO: ReadHtmlCache Behavior ::run [ RunTime:0.015625s ]
INFO: [ app_begin ] --END-- [ RunTime:0.015625s ]
NOTIC: [2] mysql_connect():  D:\xampp\app\web\ThinkPHP\Lib\Driver\Db\DbMysql.class.php Á¨¨ 55 Ë°å.
ERR: ”…”⁄ƒø±Íª˙∆˜ª˝º´æ‹æ¯£¨Œﬁ∑®¡¨Ω”°£


[ 2014-03-22T08:50:41+08:00 ] 127.0.0.1 /admin.php/Index/addSite.html
INFO: [ route_check ] --START--
INFO: CheckRoute Behavior ::run [ RunTime:0.000000s ]
INFO: [ route_check ] --END-- [ RunTime:0.000000s ]
INFO: [ app_begin ] --START--
INFO: ReadHtmlCache Behavior ::run [ RunTime:0.000000s ]
INFO: [ app_begin ] --END-- [ RunTime:0.000000s ]
NOTIC: [2] mysql_connect():  D:\xampp\app\web\ThinkPHP\Lib\Driver\Db\DbMysql.class.php Á¨¨ 55 Ë°å.
ERR: ”…”⁄ƒø±Íª˙∆˜ª˝º´æ‹æ¯£¨Œﬁ∑®¡¨Ω”°£


[ 2014-03-22T08:50:43+08:00 ] 127.0.0.1 /admin.php/Index/addSite.html
INFO: [ route_check ] --START--
INFO: CheckRoute Behavior ::run [ RunTime:0.000000s ]
INFO: [ route_check ] --END-- [ RunTime:0.000000s ]
INFO: [ app_begin ] --START--
INFO: ReadHtmlCache Behavior ::run [ RunTime:0.000000s ]
INFO: [ app_begin ] --END-- [ RunTime:0.000000s ]
NOTIC: [2] mysql_connect():  D:\xampp\app\web\ThinkPHP\Lib\Driver\Db\DbMysql.class.php Á¨¨ 55 Ë°å.
ERR: ”…”⁄ƒø±Íª˙∆˜ª˝º´æ‹æ¯£¨Œﬁ∑®¡¨Ω”°£


[ 2014-03-22T08:50:44+08:00 ] 127.0.0.1 /admin.php/Index/addSite.html
INFO: [ route_check ] --START--
INFO: CheckRoute Behavior ::run [ RunTime:0.000000s ]
INFO: [ route_check ] --END-- [ RunTime:0.000000s ]
INFO: [ app_begin ] --START--
INFO: ReadHtmlCache Behavior ::run [ RunTime:0.000000s ]
INFO: [ app_begin ] --END-- [ RunTime:0.000000s ]
NOTIC: [2] mysql_connect():  D:\xampp\app\web\ThinkPHP\Lib\Driver\Db\DbMysql.class.php Á¨¨ 55 Ë°å.
ERR: ”…”⁄ƒø±Íª˙∆˜ª˝º´æ‹æ¯£¨Œﬁ∑®¡¨Ω”°£


[ 2014-03-22T08:50:54+08:00 ] 127.0.0.1 /admin.php/Index/addSite.html
INFO: [ route_check ] --START--
INFO: CheckRoute Behavior ::run [ RunTime:0.000000s ]
INFO: [ route_check ] --END-- [ RunTime:0.000000s ]
INFO: [ app_begin ] --START--
INFO: ReadHtmlCache Behavior ::run [ RunTime:0.000000s ]
INFO: [ app_begin ] --END-- [ RunTime:0.000000s ]

[ 2014-03-22T08:50:58+08:00 ] 127.0.0.1 /admin.php/Index/addSite.html
INFO: [ route_check ] --START--
INFO: CheckRoute Behavior ::run [ RunTime:0.000000s ]
INFO: [ route_check ] --END-- [ RunTime:0.000000s ]
INFO: [ app_begin ] --START--
INFO: ReadHtmlCache Behavior ::run [ RunTime:0.000000s ]
INFO: [ app_begin ] --END-- [ RunTime:0.000000s ]
NOTIC: [2] mysql_connect():  D:\xampp\app\web\ThinkPHP\Lib\Driver\Db\DbMysql.class.php Á¨¨ 55 Ë°å.
ERR: ”…”⁄ƒø±Íª˙∆˜ª˝º´æ‹æ¯£¨Œﬁ∑®¡¨Ω”°£


[ 2014-03-22T08:51:07+08:00 ] 127.0.0.1 /admin.php/Index/addSite.html
INFO: [ route_check ] --START--
INFO: CheckRoute Behavior ::run [ RunTime:0.000000s ]
INFO: [ route_check ] --END-- [ RunTime:0.000000s ]
INFO: [ app_begin ] --START--
INFO: ReadHtmlCache Behavior ::run [ RunTime:0.000000s ]
INFO: [ app_begin ] --END-- [ RunTime:0.000000s ]
NOTIC: [2] mysql_connect():  D:\xampp\app\web\ThinkPHP\Lib\Driver\Db\DbMysql.class.php Á¨¨ 55 Ë°å.
ERR: ”…”⁄ƒø±Íª˙∆˜ª˝º´æ‹æ¯£¨Œﬁ∑®¡¨Ω”°£


[ 2014-03-22T08:51:37+08:00 ] 127.0.0.1 /admin.php/Index/addSite.html
INFO: [ route_check ] --START--
INFO: CheckRoute Behavior ::run [ RunTime:0.015625s ]
INFO: [ route_check ] --END-- [ RunTime:0.015625s ]
INFO: [ app_begin ] --START--
INFO: ReadHtmlCache Behavior ::run [ RunTime:0.000000s ]
INFO: [ app_begin ] --END-- [ RunTime:0.000000s ]
NOTIC: [2] mysql_connect():  D:\xampp\app\web\ThinkPHP\Lib\Driver\Db\DbMysql.class.php Á¨¨ 55 Ë°å.
ERR: ”…”⁄ƒø±Íª˙∆˜ª˝º´æ‹æ¯£¨Œﬁ∑®¡¨Ω”°£


[ 2014-03-22T08:51:43+08:00 ] 127.0.0.1 /admin.php/Index/addSite.html
INFO: [ route_check ] --START--
INFO: CheckRoute Behavior ::run [ RunTime:0.015625s ]
INFO: [ route_check ] --END-- [ RunTime:0.015625s ]
INFO: [ app_begin ] --START--
INFO: ReadHtmlCache Behavior ::run [ RunTime:0.000000s ]
INFO: [ app_begin ] --END-- [ RunTime:0.000000s ]
INFO: [ view_parse ] --START--
INFO: ParseTemplate Behavior ::run [ RunTime:0.093750s ]
INFO: [ view_parse ] --END-- [ RunTime:0.093750s ]
INFO: [ view_filter ] --START--
NOTIC: [8] Use of undefined constant APP_TMPL_PATH - assumed 'APP_TMPL_PATH' D:\xampp\app\web\ThinkPHP\Lib\Behavior\ContentReplaceBehavior.class.php Á¨¨ 40 Ë°å.
NOTIC: [8] Use of undefined constant APP_TMPL_PATH - assumed 'APP_TMPL_PATH' D:\xampp\app\web\ThinkPHP\Lib\Behavior\ContentReplaceBehavior.class.php Á¨¨ 47 Ë°å.
INFO: ContentReplace Behavior ::run [ RunTime:0.000000s ]
INFO: TokenBuild Behavior ::run [ RunTime:0.000000s ]
INFO: WriteHtmlCache Behavior ::run [ RunTime:0.000000s ]
INFO: ShowRuntime Behavior ::run [ RunTime:0.000000s ]
INFO: [ view_filter ] --END-- [ RunTime:0.000000s ]
INFO: [ view_end ] --START--
INFO: ShowPageTrace Behavior ::run [ RunTime:0.015625s ]
INFO: [ view_end ] --END-- [ RunTime:0.015625s ]

[ 2014-03-22T08:52:05+08:00 ] 127.0.0.1 /admin.php/Index/addSite.html
INFO: [ route_check ] --START--
INFO: CheckRoute Behavior ::run [ RunTime:0.000000s ]
INFO: [ route_check ] --END-- [ RunTime:0.000000s ]
INFO: [ app_begin ] --START--
INFO: ReadHtmlCache Behavior ::run [ RunTime:0.000000s ]
INFO: [ app_begin ] --END-- [ RunTime:0.000000s ]
NOTIC: [2] mysql_connect():  D:\xampp\app\web\ThinkPHP\Lib\Driver\Db\DbMysql.class.php Á¨¨ 55 Ë°å.
ERR: ”…”⁄ƒø±Íª˙∆˜ª˝º´æ‹æ¯£¨Œﬁ∑®¡¨Ω”°£


[ 2014-03-22T08:52:36+08:00 ] 127.0.0.1 /admin.php/Index/addSite.html
INFO: [ route_check ] --START--
INFO: CheckRoute Behavior ::run [ RunTime:0.000000s ]
INFO: [ route_check ] --END-- [ RunTime:0.000000s ]
INFO: [ app_begin ] --START--
INFO: ReadHtmlCache Behavior ::run [ RunTime:0.000000s ]
INFO: [ app_begin ] --END-- [ RunTime:0.015625s ]
NOTIC: [2] mysql_connect():  D:\xampp\app\web\ThinkPHP\Lib\Driver\Db\DbMysql.class.php Á¨¨ 55 Ë°å.
ERR: ”…”⁄ƒø±Íª˙∆˜ª˝º´æ‹æ¯£¨Œﬁ∑®¡¨Ω”°£


[ 2014-03-22T08:54:42+08:00 ] 127.0.0.1 /admin.php/Index/addSite.html
INFO: [ route_check ] --START--
INFO: CheckRoute Behavior ::run [ RunTime:0.000000s ]
INFO: [ route_check ] --END-- [ RunTime:0.000000s ]
INFO: [ app_begin ] --START--
INFO: ReadHtmlCache Behavior ::run [ RunTime:0.000000s ]
INFO: [ app_begin ] --END-- [ RunTime:0.000000s ]
SQL: SHOW COLUMNS FROM `tp_site` [ RunTime:0.015625s ]
ERR: 1146:Table 'azhibox.tp_site' doesn't exist
 [ SQLËØ≠Âè• ] : SHOW COLUMNS FROM `tp_site`
INFO: [ view_parse ] --START--
INFO: ParseTemplate Behavior ::run [ RunTime:0.000000s ]
INFO: [ view_parse ] --END-- [ RunTime:0.000000s ]
INFO: [ view_filter ] --START--
NOTIC: [8] Use of undefined constant APP_TMPL_PATH - assumed 'APP_TMPL_PATH' D:\xampp\app\web\ThinkPHP\Lib\Behavior\ContentReplaceBehavior.class.php Á¨¨ 40 Ë°å.
NOTIC: [8] Use of undefined constant APP_TMPL_PATH - assumed 'APP_TMPL_PATH' D:\xampp\app\web\ThinkPHP\Lib\Behavior\ContentReplaceBehavior.class.php Á¨¨ 47 Ë°å.
INFO: ContentReplace Behavior ::run [ RunTime:0.000000s ]
INFO: TokenBuild Behavior ::run [ RunTime:0.015625s ]
INFO: WriteHtmlCache Behavior ::run [ RunTime:0.000000s ]
INFO: ShowRuntime Behavior ::run [ RunTime:0.000000s ]
INFO: [ view_filter ] --END-- [ RunTime:0.015625s ]
INFO: [ view_end ] --START--
INFO: ShowPageTrace Behavior ::run [ RunTime:0.000000s ]
INFO: [ view_end ] --END-- [ RunTime:0.000000s ]

[ 2014-03-22T08:59:19+08:00 ] 127.0.0.1 /admin.php
INFO: [ app_begin ] --START--
INFO: ReadHtmlCache Behavior ::run [ RunTime:0.015625s ]
INFO: [ app_begin ] --END-- [ RunTime:0.015625s ]

[ 2014-03-22T08:59:29+08:00 ] 127.0.0.1 /admin.php
INFO: [ app_begin ] --START--
INFO: ReadHtmlCache Behavior ::run [ RunTime:0.000000s ]
INFO: [ app_begin ] --END-- [ RunTime:0.000000s ]

[ 2014-03-22T08:59:34+08:00 ] 127.0.0.1 /admin.php
INFO: [ app_begin ] --START--
INFO: ReadHtmlCache Behavior ::run [ RunTime:0.000000s ]
INFO: [ app_begin ] --END-- [ RunTime:0.000000s ]

[ 2014-03-22T09:04:30+08:00 ] 127.0.0.1 /admin.php
INFO: [ app_begin ] --START--
INFO: ReadHtmlCache Behavior ::run [ RunTime:0.000000s ]
INFO: [ app_begin ] --END-- [ RunTime:0.000000s ]

[ 2014-03-22T09:20:12+08:00 ] 127.0.0.1 /admin.php
INFO: [ app_begin ] --START--
INFO: ReadHtmlCache Behavior ::run [ RunTime:0.000000s ]
INFO: [ app_begin ] --END-- [ RunTime:0.000000s ]

[ 2014-03-22T09:20:49+08:00 ] 127.0.0.1 /admin.php
INFO: [ app_begin ] --START--
INFO: ReadHtmlCache Behavior ::run [ RunTime:0.000000s ]
INFO: [ app_begin ] --END-- [ RunTime:0.000000s ]

[ 2014-03-22T09:20:56+08:00 ] 127.0.0.1 /admin.php
INFO: [ app_begin ] --START--
INFO: ReadHtmlCache Behavior ::run [ RunTime:0.015625s ]
INFO: [ app_begin ] --END-- [ RunTime:0.015625s ]

[ 2014-03-22T09:20:57+08:00 ] 127.0.0.1 /admin.php/Index/addSite.html
INFO: [ route_check ] --START--
INFO: CheckRoute Behavior ::run [ RunTime:0.000000s ]
INFO: [ route_check ] --END-- [ RunTime:0.000000s ]
INFO: [ app_begin ] --START--
INFO: ReadHtmlCache Behavior ::run [ RunTime:0.000000s ]
INFO: [ app_begin ] --END-- [ RunTime:0.000000s ]
NOTIC: [2] mysql_connect():  D:\xampp\app\web\ThinkPHP\Lib\Driver\Db\DbMysql.class.php Á¨¨ 55 Ë°å.
ERR: ”…”⁄ƒø±Íª˙∆˜ª˝º´æ‹æ¯£¨Œﬁ∑®¡¨Ω”°£


[ 2014-03-22T09:23:25+08:00 ] 127.0.0.1 /admin.php/Index/addSite.html
ERR: Ê®°Êùø‰∏çÂ≠òÂú®[./Admin/Tpl/Index/addSite.html]

[ 2014-03-22T10:27:55+08:00 ] 127.0.0.1 /admin.php/Index/addSite.html
ERR: Ê®°Êùø‰∏çÂ≠òÂú®[./Admin/Tpl/default/Index/addSite.html]

[ 2014-03-22T11:02:43+08:00 ] 127.0.0.1 /admin.php/Site/add.html
ERR: ÈùûÊ≥ïÊìç‰Ωú:add

[ 2014-03-22T11:03:05+08:00 ] 127.0.0.1 /admin.php/Site/add.html
ERR: ÈùûÊ≥ïÊìç‰Ωú:add

[ 2014-03-22T11:03:07+08:00 ] 127.0.0.1 /admin.php/Site/add.html
ERR: ÈùûÊ≥ïÊìç‰Ωú:add

[ 2014-03-22T11:03:09+08:00 ] 127.0.0.1 /admin.php/Site/add.html
ERR: ÈùûÊ≥ïÊìç‰Ωú:add

[ 2014-03-22T11:08:08+08:00 ] 127.0.0.1 /admin.php/Index/addSite.html
ERR: ÈùûÊ≥ïÊìç‰Ωú:addSite

[ 2014-03-22T11:12:28+08:00 ] 127.0.0.1 /admin.php/Site/create.html
ERR: Model:testÊÇ®ÊâÄËØ∑Ê±ÇÁöÑÊñπÊ≥ï‰∏çÂ≠òÂú®ÔºÅ

[ 2014-03-22T11:12:38+08:00 ] 127.0.0.1 /admin.php/Site/create.html
ERR: Model:testÊÇ®ÊâÄËØ∑Ê±ÇÁöÑÊñπÊ≥ï‰∏çÂ≠òÂú®ÔºÅ

[ 2014-03-22T11:12:39+08:00 ] 127.0.0.1 /admin.php/Site/create.html
ERR: Model:testÊÇ®ÊâÄËØ∑Ê±ÇÁöÑÊñπÊ≥ï‰∏çÂ≠òÂú®ÔºÅ

[ 2014-03-22T11:12:40+08:00 ] 127.0.0.1 /admin.php/Site/create.html
ERR: Model:testÊÇ®ÊâÄËØ∑Ê±ÇÁöÑÊñπÊ≥ï‰∏çÂ≠òÂú®ÔºÅ

[ 2014-03-22T11:12:41+08:00 ] 127.0.0.1 /admin.php/Site/create.html
ERR: Model:testÊÇ®ÊâÄËØ∑Ê±ÇÁöÑÊñπÊ≥ï‰∏çÂ≠òÂú®ÔºÅ

[ 2014-03-22T11:12:42+08:00 ] 127.0.0.1 /admin.php/Site/create.html
ERR: Model:testÊÇ®ÊâÄËØ∑Ê±ÇÁöÑÊñπÊ≥ï‰∏çÂ≠òÂú®ÔºÅ

[ 2014-03-22T11:12:42+08:00 ] 127.0.0.1 /admin.php/Site/create.html
ERR: Model:testÊÇ®ÊâÄËØ∑Ê±ÇÁöÑÊñπÊ≥ï‰∏çÂ≠òÂú®ÔºÅ

[ 2014-03-22T11:12:43+08:00 ] 127.0.0.1 /admin.php/Site/create.html
ERR: Model:testÊÇ®ÊâÄËØ∑Ê±ÇÁöÑÊñπÊ≥ï‰∏çÂ≠òÂú®ÔºÅ

[ 2014-03-22T11:12:43+08:00 ] 127.0.0.1 /admin.php/Site/create.html
ERR: Model:testÊÇ®ÊâÄËØ∑Ê±ÇÁöÑÊñπÊ≥ï‰∏çÂ≠òÂú®ÔºÅ

[ 2014-03-22T11:12:44+08:00 ] 127.0.0.1 /admin.php/Site/create.html
ERR: Model:testÊÇ®ÊâÄËØ∑Ê±ÇÁöÑÊñπÊ≥ï‰∏çÂ≠òÂú®ÔºÅ

[ 2014-03-22T11:14:02+08:00 ] 127.0.0.1 /admin.php/Site/create.html
ERR: Model:testÊÇ®ÊâÄËØ∑Ê±ÇÁöÑÊñπÊ≥ï‰∏çÂ≠òÂú®ÔºÅ

[ 2014-03-22T11:15:02+08:00 ] 127.0.0.1 /admin.php/Site/create.html
ERR: Model:showÊÇ®ÊâÄËØ∑Ê±ÇÁöÑÊñπÊ≥ï‰∏çÂ≠òÂú®ÔºÅ

[ 2014-03-22T11:38:58+08:00 ] 127.0.0.1 /admin.php/Site/create.html
ERR: Ê®°Êùø‰∏çÂ≠òÂú®[./Admin/Tpl/default/Site/createphp.html]

[ 2014-03-22T11:39:10+08:00 ] 127.0.0.1 /admin.php/Site/create.html
ERR: Ê®°Êùø‰∏çÂ≠òÂú®[./Admin/Tpl/default/Site/create.html.php]

[ 2014-03-22T11:40:32+08:00 ] 127.0.0.1 /admin.php/Site/create.html.php
ERR: ÈùûÊ≥ïÊìç‰Ωú:create.html.php

